107.10.20 14:59 B D:\Life\Buddha\Web_Pages\newrain\2007_0926_Rain_suspended\support\Dhamma-Rain\Suspended-Files\pali-tipitaka-f1\4-Anguttaranikaya\A-1.doc --> www.dhammarain.org.tw /canon/pali-tipitaka-f1/4-Anguttaranikaya/ A-1.doc
107.10.20 14:59 B D:\Life\Buddha\Web_Pages\newrain\2007_0926_Rain_suspended\support\Dhamma-Rain\Suspended-Files\pali-tipitaka-f1\4-Anguttaranikaya\A-10.doc --> www.dhammarain.org.tw /canon/pali-tipitaka-f1/4-Anguttaranikaya/ A-10.doc
107.10.20 14:59 B D:\Life\Buddha\Web_Pages\newrain\2007_0926_Rain_suspended\support\Dhamma-Rain\Suspended-Files\pali-tipitaka-f1\4-Anguttaranikaya\A-11.doc --> www.dhammarain.org.tw /canon/pali-tipitaka-f1/4-Anguttaranikaya/ A-11.doc
107.10.20 15:03 B D:\Life\Buddha\Web_Pages\newrain\2007_0926_Rain_suspended\support\Dhamma-Rain\Suspended-Files\pali-tipitaka-f1\4-Anguttaranikaya\A-1~11.doc --> www.dhammarain.org.tw /canon/pali-tipitaka-f1/4-Anguttaranikaya/ A-1~11.doc
107.10.20 15:06 B D:\Life\Buddha\Web_Pages\newrain\2007_0926_Rain_suspended\support\Dhamma-Rain\Suspended-Files\pali-tipitaka-f1\4-Anguttaranikaya\A-1~11e.doc --> www.dhammarain.org.tw /canon/pali-tipitaka-f1/4-Anguttaranikaya/ A-1~11e.doc
107.10.20 15:06 B D:\Life\Buddha\Web_Pages\newrain\2007_0926_Rain_suspended\support\Dhamma-Rain\Suspended-Files\pali-tipitaka-f1\4-Anguttaranikaya\A-2.doc --> www.dhammarain.org.tw /canon/pali-tipitaka-f1/4-Anguttaranikaya/ A-2.doc
107.10.20 15:07 B D:\Life\Buddha\Web_Pages\newrain\2007_0926_Rain_suspended\support\Dhamma-Rain\Suspended-Files\pali-tipitaka-f1\4-Anguttaranikaya\A-3.doc --> www.dhammarain.org.tw /canon/pali-tipitaka-f1/4-Anguttaranikaya/ A-3.doc
107.10.20 15:07 B D:\Life\Buddha\Web_Pages\newrain\2007_0926_Rain_suspended\support\Dhamma-Rain\Suspended-Files\pali-tipitaka-f1\4-Anguttaranikaya\A-4.doc --> www.dhammarain.org.tw /canon/pali-tipitaka-f1/4-Anguttaranikaya/ A-4.doc
107.10.20 15:08 B D:\Life\Buddha\Web_Pages\newrain\2007_0926_Rain_suspended\support\Dhamma-Rain\Suspended-Files\pali-tipitaka-f1\4-Anguttaranikaya\A-5.doc --> www.dhammarain.org.tw /canon/pali-tipitaka-f1/4-Anguttaranikaya/ A-5.doc
107.10.20 15:09 B D:\Life\Buddha\Web_Pages\newrain\2007_0926_Rain_suspended\support\Dhamma-Rain\Suspended-Files\pali-tipitaka-f1\4-Anguttaranikaya\A-6.doc --> www.dhammarain.org.tw /canon/pali-tipitaka-f1/4-Anguttaranikaya/ A-6.doc
107.10.20 15:09 B D:\Life\Buddha\Web_Pages\newrain\2007_0926_Rain_suspended\support\Dhamma-Rain\Suspended-Files\pali-tipitaka-f1\4-Anguttaranikaya\A-7.doc --> www.dhammarain.org.tw /canon/pali-tipitaka-f1/4-Anguttaranikaya/ A-7.doc
107.10.20 15:09 B D:\Life\Buddha\Web_Pages\newrain\2007_0926_Rain_suspended\support\Dhamma-Rain\Suspended-Files\pali-tipitaka-f1\4-Anguttaranikaya\A-8.doc --> www.dhammarain.org.tw /canon/pali-tipitaka-f1/4-Anguttaranikaya/ A-8.doc
107.10.20 15:09 B D:\Life\Buddha\Web_Pages\newrain\2007_0926_Rain_suspended\support\Dhamma-Rain\Suspended-Files\pali-tipitaka-f1\4-Anguttaranikaya\A-9.doc --> www.dhammarain.org.tw /canon/pali-tipitaka-f1/4-Anguttaranikaya/ A-9.doc
107.10.20 15:10 B D:\Life\Buddha\Web_Pages\newrain\2007_0926_Rain_suspended\support\Dhamma-Rain\Suspended-Files\pali-tipitaka-f1\4-Anguttaranikaya\AA-1.doc --> www.dhammarain.org.tw /canon/pali-tipitaka-f1/4-Anguttaranikaya/ AA-1.doc
107.10.20 15:11 B D:\Life\Buddha\Web_Pages\newrain\2007_0926_Rain_suspended\support\Dhamma-Rain\Suspended-Files\pali-tipitaka-f1\4-Anguttaranikaya\AA-2~4.doc --> www.dhammarain.org.tw /canon/pali-tipitaka-f1/4-Anguttaranikaya/ AA-2~4.doc
107.10.20 15:11 B D:\Life\Buddha\Web_Pages\newrain\2007_0926_Rain_suspended\support\Dhamma-Rain\Suspended-Files\pali-tipitaka-f1\4-Anguttaranikaya\AA-5~7.doc --> www.dhammarain.org.tw /canon/pali-tipitaka-f1/4-Anguttaranikaya/ AA-5~7.doc
107.10.20 15:12 B D:\Life\Buddha\Web_Pages\newrain\2007_0926_Rain_suspended\support\Dhamma-Rain\Suspended-Files\pali-tipitaka-f1\4-Anguttaranikaya\AA-8~11.doc --> www.dhammarain.org.tw /canon/pali-tipitaka-f1/4-Anguttaranikaya/ AA-8~11.doc
107.10.20 15:12 B D:\Life\Buddha\Web_Pages\newrain\2007_0926_Rain_suspended\support\Dhamma-Rain\Suspended-Files\pali-tipitaka-f1\4-Anguttaranikaya\AA-table.doc --> www.dhammarain.org.tw /canon/pali-tipitaka-f1/4-Anguttaranikaya/ AA-table.doc
107.10.20 15:12 B D:\Life\Buddha\Web_Pages\newrain\2007_0926_Rain_suspended\support\Dhamma-Rain\Suspended-Files\pali-tipitaka-f1\4-Anguttaranikaya\An-vs-Ea.doc --> www.dhammarain.org.tw /canon/pali-tipitaka-f1/4-Anguttaranikaya/ An-vs-Ea.doc
107.10.20 15:15 B D:\Life\Buddha\Web_Pages\newrain\2007_0926_Rain_suspended\support\Dhamma-Rain\Suspended-Files\pali-tipitaka-f1\4-Anguttaranikaya\Anguttara-atthakatha.doc --> www.dhammarain.org.tw /canon/pali-tipitaka-f1/4-Anguttaranikaya/ Anguttara-atthakatha.doc
107.10.20 15:19 B D:\Life\Buddha\Web_Pages\newrain\2007_0926_Rain_suspended\support\Dhamma-Rain\Suspended-Files\pali-tipitaka-f1\4-Anguttaranikaya\Anguttara-PTS.doc --> www.dhammarain.org.tw /canon/pali-tipitaka-f1/4-Anguttaranikaya/ Anguttara-PTS.doc
107.10.20 15:21 B D:\Life\Buddha\Web_Pages\newrain\2007_0926_Rain_suspended\support\Dhamma-Rain\Suspended-Files\pali-tipitaka-f1\4-Anguttaranikaya\Anguttara-tika.doc --> www.dhammarain.org.tw /canon/pali-tipitaka-f1/4-Anguttaranikaya/ Anguttara-tika.doc
107.10.20 15:22 B D:\Life\Buddha\Web_Pages\newrain\2007_0926_Rain_suspended\support\Dhamma-Rain\Suspended-Files\pali-tipitaka-f1\4-Anguttaranikaya\At-1.doc --> www.dhammarain.org.tw /canon/pali-tipitaka-f1/4-Anguttaranikaya/ At-1.doc
107.10.20 15:22 B D:\Life\Buddha\Web_Pages\newrain\2007_0926_Rain_suspended\support\Dhamma-Rain\Suspended-Files\pali-tipitaka-f1\4-Anguttaranikaya\At-2~4.doc --> www.dhammarain.org.tw /canon/pali-tipitaka-f1/4-Anguttaranikaya/ At-2~4.doc
107.10.20 15:23 B D:\Life\Buddha\Web_Pages\newrain\2007_0926_Rain_suspended\support\Dhamma-Rain\Suspended-Files\pali-tipitaka-f1\4-Anguttaranikaya\At-5~7.doc --> www.dhammarain.org.tw /canon/pali-tipitaka-f1/4-Anguttaranikaya/ At-5~7.doc
107.10.20 15:23 B D:\Life\Buddha\Web_Pages\newrain\2007_0926_Rain_suspended\support\Dhamma-Rain\Suspended-Files\pali-tipitaka-f1\4-Anguttaranikaya\At-8~11.doc --> www.dhammarain.org.tw /canon/pali-tipitaka-f1/4-Anguttaranikaya/ At-8~11.doc
107.10.20 15:26 B D:\Life\Buddha\Web_Pages\newrain\2007_0926_Rain_suspended\support\Dhamma-Rain\Suspended-Files\pali-tipitaka-f1\4-Anguttaranikaya\c-Anguttara.doc --> www.dhammarain.org.tw /canon/pali-tipitaka-f1/4-Anguttaranikaya/ c-Anguttara.doc
107.10.20 15:26 B D:\Life\Buddha\Web_Pages\newrain\2007_0926_Rain_suspended\support\Dhamma-Rain\Suspended-Files\pali-tipitaka-f1\4-Anguttaranikaya\Ea-vs-An.doc --> www.dhammarain.org.tw /canon/pali-tipitaka-f1/4-Anguttaranikaya/ Ea-vs-An.doc
107.10.20 15:26 B D:\Life\Buddha\Web_Pages\newrain\2007_0926_Rain_suspended\support\Dhamma-Rain\Suspended-Files\pali-tipitaka-f1\4-Anguttaranikaya\±¶®| -  Anguttaranikaye-pu-vi.doc.lnk --> www.dhammarain.org.tw /canon/pali-tipitaka-f1/4-Anguttaranikaya/ ±¶®| -  Anguttaranikaye-pu-vi.doc.lnk
