107.10.20 16:09 B D:\Life\Buddha\Web_Pages\newrain\2007_0926_Rain_suspended\support\Dhamma-Rain\Suspended-Files\pali-tipitaka-f1\Khuddaka\Apadana-1~2.doc --> www.dhammarain.org.tw /canon/pali-tipitaka-f1/Khuddaka/ Apadana-1~2.doc
107.10.20 16:09 B D:\Life\Buddha\Web_Pages\newrain\2007_0926_Rain_suspended\support\Dhamma-Rain\Suspended-Files\pali-tipitaka-f1\Khuddaka\Buddhavamsa-w.doc --> www.dhammarain.org.tw /canon/pali-tipitaka-f1/Khuddaka/ Buddhavamsa-w.doc
107.10.20 16:09 B D:\Life\Buddha\Web_Pages\newrain\2007_0926_Rain_suspended\support\Dhamma-Rain\Suspended-Files\pali-tipitaka-f1\Khuddaka\Buddhavamsa.doc --> www.dhammarain.org.tw /canon/pali-tipitaka-f1/Khuddaka/ Buddhavamsa.doc
107.10.20 16:09 B D:\Life\Buddha\Web_Pages\newrain\2007_0926_Rain_suspended\support\Dhamma-Rain\Suspended-Files\pali-tipitaka-f1\Khuddaka\Cariyapitaka.doc --> www.dhammarain.org.tw /canon/pali-tipitaka-f1/Khuddaka/ Cariyapitaka.doc
107.10.20 16:10 B D:\Life\Buddha\Web_Pages\newrain\2007_0926_Rain_suspended\support\Dhamma-Rain\Suspended-Files\pali-tipitaka-f1\Khuddaka\Culaniddesa.doc --> www.dhammarain.org.tw /canon/pali-tipitaka-f1/Khuddaka/ Culaniddesa.doc
107.10.20 16:10 B D:\Life\Buddha\Web_Pages\newrain\2007_0926_Rain_suspended\support\Dhamma-Rain\Suspended-Files\pali-tipitaka-f1\Khuddaka\Dhammapada-Liao.doc --> www.dhammarain.org.tw /canon/pali-tipitaka-f1/Khuddaka/ Dhammapada-Liao.doc
107.10.20 16:10 B D:\Life\Buddha\Web_Pages\newrain\2007_0926_Rain_suspended\support\Dhamma-Rain\Suspended-Files\pali-tipitaka-f1\Khuddaka\Dhammapada-w.doc --> www.dhammarain.org.tw /canon/pali-tipitaka-f1/Khuddaka/ Dhammapada-w.doc
107.10.20 16:10 B D:\Life\Buddha\Web_Pages\newrain\2007_0926_Rain_suspended\support\Dhamma-Rain\Suspended-Files\pali-tipitaka-f1\Khuddaka\Dhammapada-wn.doc --> www.dhammarain.org.tw /canon/pali-tipitaka-f1/Khuddaka/ Dhammapada-wn.doc
107.10.20 16:10 B D:\Life\Buddha\Web_Pages\newrain\2007_0926_Rain_suspended\support\Dhamma-Rain\Suspended-Files\pali-tipitaka-f1\Khuddaka\Dhammapada.doc --> www.dhammarain.org.tw /canon/pali-tipitaka-f1/Khuddaka/ Dhammapada.doc
107.10.20 16:10 B D:\Life\Buddha\Web_Pages\newrain\2007_0926_Rain_suspended\support\Dhamma-Rain\Suspended-Files\pali-tipitaka-f1\Khuddaka\Gandari Dharmapada.doc --> www.dhammarain.org.tw /canon/pali-tipitaka-f1/Khuddaka/ Gandari Dharmapada.doc
107.10.20 16:11 B D:\Life\Buddha\Web_Pages\newrain\2007_0926_Rain_suspended\support\Dhamma-Rain\Suspended-Files\pali-tipitaka-f1\Khuddaka\Itivuttaka.doc --> www.dhammarain.org.tw /canon/pali-tipitaka-f1/Khuddaka/ Itivuttaka.doc
107.10.20 16:12 B D:\Life\Buddha\Web_Pages\newrain\2007_0926_Rain_suspended\support\Dhamma-Rain\Suspended-Files\pali-tipitaka-f1\Khuddaka\Jataka-1~2-c.doc --> www.dhammarain.org.tw /canon/pali-tipitaka-f1/Khuddaka/ Jataka-1~2-c.doc
107.10.20 16:13 B D:\Life\Buddha\Web_Pages\newrain\2007_0926_Rain_suspended\support\Dhamma-Rain\Suspended-Files\pali-tipitaka-f1\Khuddaka\Jataka-1~2.doc --> www.dhammarain.org.tw /canon/pali-tipitaka-f1/Khuddaka/ Jataka-1~2.doc
107.10.20 16:13 B D:\Life\Buddha\Web_Pages\newrain\2007_0926_Rain_suspended\support\Dhamma-Rain\Suspended-Files\pali-tipitaka-f1\Khuddaka\Khuddakapatha.doc --> www.dhammarain.org.tw /canon/pali-tipitaka-f1/Khuddaka/ Khuddakapatha.doc
107.10.20 16:15 B D:\Life\Buddha\Web_Pages\newrain\2007_0926_Rain_suspended\support\Dhamma-Rain\Suspended-Files\pali-tipitaka-f1\Khuddaka\Mahaniddesa-Culaniddesa-c.doc --> www.dhammarain.org.tw /canon/pali-tipitaka-f1/Khuddaka/ Mahaniddesa-Culaniddesa-c.doc
107.10.20 16:16 B D:\Life\Buddha\Web_Pages\newrain\2007_0926_Rain_suspended\support\Dhamma-Rain\Suspended-Files\pali-tipitaka-f1\Khuddaka\Mahaniddesa-Culaniddesa.doc --> www.dhammarain.org.tw /canon/pali-tipitaka-f1/Khuddaka/ Mahaniddesa-Culaniddesa.doc
107.10.20 16:17 B D:\Life\Buddha\Web_Pages\newrain\2007_0926_Rain_suspended\support\Dhamma-Rain\Suspended-Files\pali-tipitaka-f1\Khuddaka\Milindapanha.doc --> www.dhammarain.org.tw /canon/pali-tipitaka-f1/Khuddaka/ Milindapanha.doc
107.10.20 16:17 B D:\Life\Buddha\Web_Pages\newrain\2007_0926_Rain_suspended\support\Dhamma-Rain\Suspended-Files\pali-tipitaka-f1\Khuddaka\Nettippakarana.doc --> www.dhammarain.org.tw /canon/pali-tipitaka-f1/Khuddaka/ Nettippakarana.doc
107.10.20 16:18 B D:\Life\Buddha\Web_Pages\newrain\2007_0926_Rain_suspended\support\Dhamma-Rain\Suspended-Files\pali-tipitaka-f1\Khuddaka\Patisambhidamagga.doc --> www.dhammarain.org.tw /canon/pali-tipitaka-f1/Khuddaka/ Patisambhidamagga.doc
107.10.20 16:18 B D:\Life\Buddha\Web_Pages\newrain\2007_0926_Rain_suspended\support\Dhamma-Rain\Suspended-Files\pali-tipitaka-f1\Khuddaka\Petakopadesa.doc --> www.dhammarain.org.tw /canon/pali-tipitaka-f1/Khuddaka/ Petakopadesa.doc
107.10.20 16:18 B D:\Life\Buddha\Web_Pages\newrain\2007_0926_Rain_suspended\support\Dhamma-Rain\Suspended-Files\pali-tipitaka-f1\Khuddaka\Petavatthu.doc --> www.dhammarain.org.tw /canon/pali-tipitaka-f1/Khuddaka/ Petavatthu.doc
107.10.20 16:18 B D:\Life\Buddha\Web_Pages\newrain\2007_0926_Rain_suspended\support\Dhamma-Rain\Suspended-Files\pali-tipitaka-f1\Khuddaka\S-vs-N-Dharmapada.doc --> www.dhammarain.org.tw /canon/pali-tipitaka-f1/Khuddaka/ S-vs-N-Dharmapada.doc
107.10.20 16:19 B D:\Life\Buddha\Web_Pages\newrain\2007_0926_Rain_suspended\support\Dhamma-Rain\Suspended-Files\pali-tipitaka-f1\Khuddaka\Suttanipata-w.doc --> www.dhammarain.org.tw /canon/pali-tipitaka-f1/Khuddaka/ Suttanipata-w.doc
107.10.20 16:19 B D:\Life\Buddha\Web_Pages\newrain\2007_0926_Rain_suspended\support\Dhamma-Rain\Suspended-Files\pali-tipitaka-f1\Khuddaka\Suttanipata.doc --> www.dhammarain.org.tw /canon/pali-tipitaka-f1/Khuddaka/ Suttanipata.doc
107.10.20 16:19 B D:\Life\Buddha\Web_Pages\newrain\2007_0926_Rain_suspended\support\Dhamma-Rain\Suspended-Files\pali-tipitaka-f1\Khuddaka\Theragatha-w.doc --> www.dhammarain.org.tw /canon/pali-tipitaka-f1/Khuddaka/ Theragatha-w.doc
107.10.20 16:20 B D:\Life\Buddha\Web_Pages\newrain\2007_0926_Rain_suspended\support\Dhamma-Rain\Suspended-Files\pali-tipitaka-f1\Khuddaka\Theragatha.doc --> www.dhammarain.org.tw /canon/pali-tipitaka-f1/Khuddaka/ Theragatha.doc
107.10.20 16:20 B D:\Life\Buddha\Web_Pages\newrain\2007_0926_Rain_suspended\support\Dhamma-Rain\Suspended-Files\pali-tipitaka-f1\Khuddaka\Therigatha-w.doc --> www.dhammarain.org.tw /canon/pali-tipitaka-f1/Khuddaka/ Therigatha-w.doc
107.10.20 16:20 B D:\Life\Buddha\Web_Pages\newrain\2007_0926_Rain_suspended\support\Dhamma-Rain\Suspended-Files\pali-tipitaka-f1\Khuddaka\Therigatha.doc --> www.dhammarain.org.tw /canon/pali-tipitaka-f1/Khuddaka/ Therigatha.doc
107.10.20 16:20 B D:\Life\Buddha\Web_Pages\newrain\2007_0926_Rain_suspended\support\Dhamma-Rain\Suspended-Files\pali-tipitaka-f1\Khuddaka\Udana-w.doc --> www.dhammarain.org.tw /canon/pali-tipitaka-f1/Khuddaka/ Udana-w.doc
107.10.20 16:21 B D:\Life\Buddha\Web_Pages\newrain\2007_0926_Rain_suspended\support\Dhamma-Rain\Suspended-Files\pali-tipitaka-f1\Khuddaka\Udana.doc --> www.dhammarain.org.tw /canon/pali-tipitaka-f1/Khuddaka/ Udana.doc
107.10.20 16:21 B D:\Life\Buddha\Web_Pages\newrain\2007_0926_Rain_suspended\support\Dhamma-Rain\Suspended-Files\pali-tipitaka-f1\Khuddaka\Vimanavatthu-w.doc --> www.dhammarain.org.tw /canon/pali-tipitaka-f1/Khuddaka/ Vimanavatthu-w.doc
107.10.20 16:21 B D:\Life\Buddha\Web_Pages\newrain\2007_0926_Rain_suspended\support\Dhamma-Rain\Suspended-Files\pali-tipitaka-f1\Khuddaka\Vimanavatthu-wc.doc --> www.dhammarain.org.tw /canon/pali-tipitaka-f1/Khuddaka/ Vimanavatthu-wc.doc
107.10.20 16:21 B D:\Life\Buddha\Web_Pages\newrain\2007_0926_Rain_suspended\support\Dhamma-Rain\Suspended-Files\pali-tipitaka-f1\Khuddaka\Vimanavatthu.doc --> www.dhammarain.org.tw /canon/pali-tipitaka-f1/Khuddaka/ Vimanavatthu.doc
