107.10.20 15:44 B D:\Life\Buddha\Web_Pages\newrain\2007_0926_Rain_suspended\support\Dhamma-Rain\Suspended-Files\pali-tipitaka-f1\Abhidhamma\abhidhamma-com\1-Dhammasangani-atthakatha.doc --> www.dhammarain.org.tw /canon/pali-tipitaka-f1/Abhidhamma/abhidhamma-com/ 1-Dhammasangani-atthakatha.doc
107.10.20 15:45 B D:\Life\Buddha\Web_Pages\newrain\2007_0926_Rain_suspended\support\Dhamma-Rain\Suspended-Files\pali-tipitaka-f1\Abhidhamma\abhidhamma-com\2-Vibhanga-atthakatha.doc --> www.dhammarain.org.tw /canon/pali-tipitaka-f1/Abhidhamma/abhidhamma-com/ 2-Vibhanga-atthakatha.doc
107.10.20 15:45 B D:\Life\Buddha\Web_Pages\newrain\2007_0926_Rain_suspended\support\Dhamma-Rain\Suspended-Files\pali-tipitaka-f1\Abhidhamma\abhidhamma-com\3-Dhatukatha-atthakatha.doc --> www.dhammarain.org.tw /canon/pali-tipitaka-f1/Abhidhamma/abhidhamma-com/ 3-Dhatukatha-atthakatha.doc
107.10.20 15:45 B D:\Life\Buddha\Web_Pages\newrain\2007_0926_Rain_suspended\support\Dhamma-Rain\Suspended-Files\pali-tipitaka-f1\Abhidhamma\abhidhamma-com\4-Puggalapannatti-atthakatha.doc --> www.dhammarain.org.tw /canon/pali-tipitaka-f1/Abhidhamma/abhidhamma-com/ 4-Puggalapannatti-atthakatha.doc
107.10.20 15:45 B D:\Life\Buddha\Web_Pages\newrain\2007_0926_Rain_suspended\support\Dhamma-Rain\Suspended-Files\pali-tipitaka-f1\Abhidhamma\abhidhamma-com\5-Kathavatthu-atthakatha.doc --> www.dhammarain.org.tw /canon/pali-tipitaka-f1/Abhidhamma/abhidhamma-com/ 5-Kathavatthu-atthakatha.doc
107.10.20 15:45 B D:\Life\Buddha\Web_Pages\newrain\2007_0926_Rain_suspended\support\Dhamma-Rain\Suspended-Files\pali-tipitaka-f1\Abhidhamma\abhidhamma-com\6-Yamakappakarana-atthakatha.doc --> www.dhammarain.org.tw /canon/pali-tipitaka-f1/Abhidhamma/abhidhamma-com/ 6-Yamakappakarana-atthakatha.doc
107.10.20 15:46 B D:\Life\Buddha\Web_Pages\newrain\2007_0926_Rain_suspended\support\Dhamma-Rain\Suspended-Files\pali-tipitaka-f1\Abhidhamma\abhidhamma-com\7-Patthanappakarana-atthakatha.doc --> www.dhammarain.org.tw /canon/pali-tipitaka-f1/Abhidhamma/abhidhamma-com/ 7-Patthanappakarana-atthakatha.doc
107.10.20 15:46 B D:\Life\Buddha\Web_Pages\newrain\2007_0926_Rain_suspended\support\Dhamma-Rain\Suspended-Files\pali-tipitaka-f1\Abhidhamma\abhidhamma-com\Abhidhammamatika.doc --> www.dhammarain.org.tw /canon/pali-tipitaka-f1/Abhidhamma/abhidhamma-com/ Abhidhammamatika.doc
107.10.20 15:46 B D:\Life\Buddha\Web_Pages\newrain\2007_0926_Rain_suspended\support\Dhamma-Rain\Suspended-Files\pali-tipitaka-f1\Abhidhamma\abhidhamma-com\Abhidhammatthasangaho.doc --> www.dhammarain.org.tw /canon/pali-tipitaka-f1/Abhidhamma/abhidhamma-com/ Abhidhammatthasangaho.doc
107.10.20 15:46 B D:\Life\Buddha\Web_Pages\newrain\2007_0926_Rain_suspended\support\Dhamma-Rain\Suspended-Files\pali-tipitaka-f1\Abhidhamma\abhidhamma-com\Abhidhammatthavibhavinitika.doc --> www.dhammarain.org.tw /canon/pali-tipitaka-f1/Abhidhamma/abhidhamma-com/ Abhidhammatthavibhavinitika.doc
107.10.20 15:47 B D:\Life\Buddha\Web_Pages\newrain\2007_0926_Rain_suspended\support\Dhamma-Rain\Suspended-Files\pali-tipitaka-f1\Abhidhamma\abhidhamma-com\Abhidhammavatara-puranatika-abhinavatika.doc --> www.dhammarain.org.tw /canon/pali-tipitaka-f1/Abhidhamma/abhidhamma-com/ Abhidhammavatara-puranatika-abhinavatika.doc
107.10.20 15:48 B D:\Life\Buddha\Web_Pages\newrain\2007_0926_Rain_suspended\support\Dhamma-Rain\Suspended-Files\pali-tipitaka-f1\Abhidhamma\abhidhamma-com\abhidhammavataro.doc --> www.dhammarain.org.tw /canon/pali-tipitaka-f1/Abhidhamma/abhidhamma-com/ abhidhammavataro.doc
107.10.20 15:48 B D:\Life\Buddha\Web_Pages\newrain\2007_0926_Rain_suspended\support\Dhamma-Rain\Suspended-Files\pali-tipitaka-f1\Abhidhamma\abhidhamma-com\Dhammasangani-anutika.doc --> www.dhammarain.org.tw /canon/pali-tipitaka-f1/Abhidhamma/abhidhamma-com/ Dhammasangani-anutika.doc
107.10.20 15:49 B D:\Life\Buddha\Web_Pages\newrain\2007_0926_Rain_suspended\support\Dhamma-Rain\Suspended-Files\pali-tipitaka-f1\Abhidhamma\abhidhamma-com\Dhammasangani-mulatika.doc --> www.dhammarain.org.tw /canon/pali-tipitaka-f1/Abhidhamma/abhidhamma-com/ Dhammasangani-mulatika.doc
107.10.20 15:50 B D:\Life\Buddha\Web_Pages\newrain\2007_0926_Rain_suspended\support\Dhamma-Rain\Suspended-Files\pali-tipitaka-f1\Abhidhamma\abhidhamma-com\Mohavicchedani.doc --> www.dhammarain.org.tw /canon/pali-tipitaka-f1/Abhidhamma/abhidhamma-com/ Mohavicchedani.doc
107.10.20 15:50 B D:\Life\Buddha\Web_Pages\newrain\2007_0926_Rain_suspended\support\Dhamma-Rain\Suspended-Files\pali-tipitaka-f1\Abhidhamma\abhidhamma-com\Namarupaparicchedo.doc --> www.dhammarain.org.tw /canon/pali-tipitaka-f1/Abhidhamma/abhidhamma-com/ Namarupaparicchedo.doc
107.10.20 15:51 B D:\Life\Buddha\Web_Pages\newrain\2007_0926_Rain_suspended\support\Dhamma-Rain\Suspended-Files\pali-tipitaka-f1\Abhidhamma\abhidhamma-com\Pancapakarana-anutika.doc --> www.dhammarain.org.tw /canon/pali-tipitaka-f1/Abhidhamma/abhidhamma-com/ Pancapakarana-anutika.doc
107.10.20 15:52 B D:\Life\Buddha\Web_Pages\newrain\2007_0926_Rain_suspended\support\Dhamma-Rain\Suspended-Files\pali-tipitaka-f1\Abhidhamma\abhidhamma-com\Pancapakarana-atthakatha.doc --> www.dhammarain.org.tw /canon/pali-tipitaka-f1/Abhidhamma/abhidhamma-com/ Pancapakarana-atthakatha.doc
107.10.20 15:52 B D:\Life\Buddha\Web_Pages\newrain\2007_0926_Rain_suspended\support\Dhamma-Rain\Suspended-Files\pali-tipitaka-f1\Abhidhamma\abhidhamma-com\paramatthavinicchaya.doc --> www.dhammarain.org.tw /canon/pali-tipitaka-f1/Abhidhamma/abhidhamma-com/ paramatthavinicchaya.doc
107.10.20 15:52 B D:\Life\Buddha\Web_Pages\newrain\2007_0926_Rain_suspended\support\Dhamma-Rain\Suspended-Files\pali-tipitaka-f1\Abhidhamma\abhidhamma-com\Saccasankhepa.doc --> www.dhammarain.org.tw /canon/pali-tipitaka-f1/Abhidhamma/abhidhamma-com/ Saccasankhepa.doc
107.10.20 15:52 B D:\Life\Buddha\Web_Pages\newrain\2007_0926_Rain_suspended\support\Dhamma-Rain\Suspended-Files\pali-tipitaka-f1\Abhidhamma\abhidhamma-com\Vibhanga-anutika.doc --> www.dhammarain.org.tw /canon/pali-tipitaka-f1/Abhidhamma/abhidhamma-com/ Vibhanga-anutika.doc
107.10.20 15:53 B D:\Life\Buddha\Web_Pages\newrain\2007_0926_Rain_suspended\support\Dhamma-Rain\Suspended-Files\pali-tipitaka-f1\Abhidhamma\abhidhamma-com\Vibhanga-mulatika.doc --> www.dhammarain.org.tw /canon/pali-tipitaka-f1/Abhidhamma/abhidhamma-com/ Vibhanga-mulatika.doc
